[2022-03-31 10:45:01,772] multiqc                                            [DEBUG  ]  This is MultiQC v1.12
[2022-03-31 10:45:01,774] multiqc                                            [DEBUG  ]  No MultiQC config found: /usr/lib/python3.8/site-packages/multiqc_config.yaml
[2022-03-31 10:45:01,775] multiqc                                            [DEBUG  ]  No MultiQC config found: /root/.multiqc_config.yaml
[2022-03-31 10:45:01,780] multiqc                                            [DEBUG  ]  No MultiQC config found: multiqc_config.yaml
[2022-03-31 10:45:01,781] multiqc                                            [DEBUG  ]  Command used: /usr/bin/multiqc .
[2022-03-31 10:45:02,215] multiqc                                            [DEBUG  ]  Latest MultiQC version is v1.12
[2022-03-31 10:45:02,216] multiqc                                            [DEBUG  ]  Command     : /usr/bin/multiqc .
[2022-03-31 10:45:02,216] multiqc                                            [DEBUG  ]  Working dir : /Users/chiarapapi/Desktop/bouncy-castle/dataset1
[2022-03-31 10:45:02,216] multiqc                                            [DEBUG  ]  Template    : default
[2022-03-31 10:45:02,216] multiqc                                            [DEBUG  ]  Running Python 3.8.1 (default, Dec 26 2019, 14:42:08)  [GCC 9.2.0]
[2022-03-31 10:45:02,218] multiqc                                            [DEBUG  ]  Analysing modules: custom_content, ccs, ngsderive, purple, conpair, lima, peddy, somalier, methylQA, mosdepth, phantompeakqualtools, qualimap, preseq, quast, qorts, rna_seqc, rockhopper, rsem, rseqc, busco, bustools, goleft_indexcov, gffcompare, disambiguate, supernova, deeptools, sargasso, verifybamid, mirtrace, happy, mirtop, sambamba, homer, hops, macs2, theta2, snpeff, gatk, htseq, bcftools, featureCounts, fgbio, dragen, dedup, pbmarkdup, damageprofiler, biobambam2, jcvi, mtnucratio, picard, vep, sentieon, prokka, qc3C, nanostat, samblaster, samtools, sexdeterrmine, eigenstratdatabasetools, bamtools, jellyfish, vcftools, longranger, stacks, varscan2, snippy, bbmap, bismark, biscuit, hicexplorer, hicup, hicpro, salmon, kallisto, slamdunk, star, hisat2, tophat, bowtie2, bowtie1, snpsplit, odgi, pangolin, kat, leehom, adapterRemoval, clipandmerge, cutadapt, flexbar, kaiju, kraken, malt, trimmomatic, sickle, skewer, sortmerna, biobloomtools, fastq_screen, afterqc, fastp, fastqc, pychopper, pycoqc, minionqc, multivcfanalyzer, clusterflow, checkqc, bcl2fastq, bclconvert, interop, ivar, flash, seqyclean, optitype, whatshap
[2022-03-31 10:45:02,219] multiqc                                            [DEBUG  ]  Using temporary directory for creating report: /tmp/tmpwitshyut
[2022-03-31 10:45:02,918] multiqc                                            [INFO   ]  Search path : /Users/chiarapapi/Desktop/bouncy-castle/dataset1
[2022-03-31 10:45:03,014] multiqc                                            [DEBUG  ]  Ignoring file as matched an ignore pattern: .DS_Store
[2022-03-31 10:45:04,407] multiqc                                            [DEBUG  ]  File ignored by ccs/v4 because it exceeded search pattern filesize limit: command.Rout
[2022-03-31 10:45:04,497] multiqc                                            [DEBUG  ]  File ignored by hicexplorer because it exceeded search pattern filesize limit: command.Rout
[2022-03-31 10:45:04,501] multiqc                                            [DEBUG  ]  File ignored by lima/summary because it exceeded search pattern filesize limit: command.Rout
[2022-03-31 10:45:04,599] multiqc                                            [DEBUG  ]  File ignored by longranger/invocation because it exceeded search pattern filesize limit: command.Rout
[2022-03-31 10:45:04,991] multiqc                                            [DEBUG  ]  File ignored by nanostat because it exceeded search pattern filesize limit: command.Rout
[2022-03-31 10:45:07,751] multiqc                                            [DEBUG  ]  File ignored by ccs/v4 because it exceeded search pattern filesize limit: genes.results
[2022-03-31 10:45:07,805] multiqc                                            [DEBUG  ]  File ignored by hicexplorer because it exceeded search pattern filesize limit: genes.results
[2022-03-31 10:45:07,812] multiqc                                            [DEBUG  ]  File ignored by lima/summary because it exceeded search pattern filesize limit: genes.results
[2022-03-31 10:45:07,944] multiqc                                            [DEBUG  ]  File ignored by vep/vep_html because it exceeded search pattern filesize limit: genes.results
[2022-03-31 10:45:07,945] multiqc                                            [DEBUG  ]  File ignored by vep/vep_txt because it exceeded search pattern filesize limit: genes.results
[2022-03-31 10:45:07,948] multiqc                                            [DEBUG  ]  File ignored by longranger/invocation because it exceeded search pattern filesize limit: genes.results
[2022-03-31 10:45:07,948] multiqc                                            [DEBUG  ]  File ignored by rockhopper because it exceeded search pattern filesize limit: genes.results
[2022-03-31 10:45:07,948] multiqc                                            [DEBUG  ]  File ignored by rseqc/bam_stat because it exceeded search pattern filesize limit: genes.results
[2022-03-31 10:45:07,949] multiqc                                            [DEBUG  ]  File ignored by rseqc/junction_annotation because it exceeded search pattern filesize limit: genes.results
[2022-03-31 10:45:07,949] multiqc                                            [DEBUG  ]  File ignored by rseqc/read_distribution because it exceeded search pattern filesize limit: genes.results
[2022-03-31 10:45:07,949] multiqc                                            [DEBUG  ]  File ignored by rseqc/infer_experiment because it exceeded search pattern filesize limit: genes.results
[2022-03-31 10:45:07,949] multiqc                                            [DEBUG  ]  File ignored by snpeff because it exceeded search pattern filesize limit: genes.results
[2022-03-31 10:45:07,950] multiqc                                            [DEBUG  ]  File ignored by stacks/sumstats because it exceeded search pattern filesize limit: genes.results
[2022-03-31 10:45:21,735] multiqc                                            [DEBUG  ]  File ignored by nanostat because it exceeded search pattern filesize limit: genes.results
[2022-03-31 10:45:22,417] multiqc                                            [DEBUG  ]  File ignored by ccs/v4 because it exceeded search pattern filesize limit: gtf_annotated_genes.results
[2022-03-31 10:45:22,507] multiqc                                            [DEBUG  ]  File ignored by hicexplorer because it exceeded search pattern filesize limit: gtf_annotated_genes.results
[2022-03-31 10:45:22,514] multiqc                                            [DEBUG  ]  File ignored by lima/summary because it exceeded search pattern filesize limit: gtf_annotated_genes.results
[2022-03-31 10:45:22,645] multiqc                                            [DEBUG  ]  File ignored by vep/vep_html because it exceeded search pattern filesize limit: gtf_annotated_genes.results
[2022-03-31 10:45:22,646] multiqc                                            [DEBUG  ]  File ignored by vep/vep_txt because it exceeded search pattern filesize limit: gtf_annotated_genes.results
[2022-03-31 10:45:22,659] multiqc                                            [DEBUG  ]  File ignored by longranger/invocation because it exceeded search pattern filesize limit: gtf_annotated_genes.results
[2022-03-31 10:45:22,660] multiqc                                            [DEBUG  ]  File ignored by rockhopper because it exceeded search pattern filesize limit: gtf_annotated_genes.results
[2022-03-31 10:45:22,660] multiqc                                            [DEBUG  ]  File ignored by rseqc/bam_stat because it exceeded search pattern filesize limit: gtf_annotated_genes.results
[2022-03-31 10:45:22,660] multiqc                                            [DEBUG  ]  File ignored by rseqc/junction_annotation because it exceeded search pattern filesize limit: gtf_annotated_genes.results
[2022-03-31 10:45:22,660] multiqc                                            [DEBUG  ]  File ignored by rseqc/read_distribution because it exceeded search pattern filesize limit: gtf_annotated_genes.results
[2022-03-31 10:45:22,660] multiqc                                            [DEBUG  ]  File ignored by rseqc/infer_experiment because it exceeded search pattern filesize limit: gtf_annotated_genes.results
[2022-03-31 10:45:22,660] multiqc                                            [DEBUG  ]  File ignored by snpeff because it exceeded search pattern filesize limit: gtf_annotated_genes.results
[2022-03-31 10:45:22,660] multiqc                                            [DEBUG  ]  File ignored by stacks/sumstats because it exceeded search pattern filesize limit: gtf_annotated_genes.results
[2022-03-31 10:45:37,723] multiqc                                            [DEBUG  ]  File ignored by nanostat because it exceeded search pattern filesize limit: gtf_annotated_genes.results
[2022-03-31 10:45:39,861] multiqc                                            [DEBUG  ]  File ignored by ccs/v4 because it exceeded search pattern filesize limit: ra1m.R1-trimmed.log
[2022-03-31 10:45:39,995] multiqc                                            [DEBUG  ]  File ignored by lima/summary because it exceeded search pattern filesize limit: ra1m.R1-trimmed.log
[2022-03-31 10:45:40,130] multiqc                                            [DEBUG  ]  File ignored by longranger/invocation because it exceeded search pattern filesize limit: ra1m.R1-trimmed.log
[2022-03-31 10:45:40,739] multiqc                                            [DEBUG  ]  File ignored by ccs/v4 because it exceeded search pattern filesize limit: ra1m.R1.fastq.gz_tmp_fastqc.html
[2022-03-31 10:45:40,820] multiqc                                            [DEBUG  ]  File ignored by hicexplorer because it exceeded search pattern filesize limit: ra1m.R1.fastq.gz_tmp_fastqc.html
[2022-03-31 10:45:40,828] multiqc                                            [DEBUG  ]  File ignored by lima/summary because it exceeded search pattern filesize limit: ra1m.R1.fastq.gz_tmp_fastqc.html
[2022-03-31 10:45:41,014] multiqc                                            [DEBUG  ]  File ignored by vep/vep_txt because it exceeded search pattern filesize limit: ra1m.R1.fastq.gz_tmp_fastqc.html
[2022-03-31 10:45:41,017] multiqc                                            [DEBUG  ]  File ignored by longranger/invocation because it exceeded search pattern filesize limit: ra1m.R1.fastq.gz_tmp_fastqc.html
[2022-03-31 10:45:41,704] multiqc                                            [DEBUG  ]  File ignored by nanostat because it exceeded search pattern filesize limit: ra1m.R1.fastq.gz_tmp_fastqc.html
[2022-03-31 10:45:45,258] multiqc                                            [DEBUG  ]  File ignored by ccs/v4 because it exceeded search pattern filesize limit: genes.results
[2022-03-31 10:45:45,359] multiqc                                            [DEBUG  ]  File ignored by hicexplorer because it exceeded search pattern filesize limit: genes.results
[2022-03-31 10:45:45,365] multiqc                                            [DEBUG  ]  File ignored by lima/summary because it exceeded search pattern filesize limit: genes.results
[2022-03-31 10:45:45,503] multiqc                                            [DEBUG  ]  File ignored by vep/vep_html because it exceeded search pattern filesize limit: genes.results
[2022-03-31 10:45:45,504] multiqc                                            [DEBUG  ]  File ignored by vep/vep_txt because it exceeded search pattern filesize limit: genes.results
[2022-03-31 10:45:45,507] multiqc                                            [DEBUG  ]  File ignored by longranger/invocation because it exceeded search pattern filesize limit: genes.results
[2022-03-31 10:45:45,507] multiqc                                            [DEBUG  ]  File ignored by rockhopper because it exceeded search pattern filesize limit: genes.results
[2022-03-31 10:45:45,508] multiqc                                            [DEBUG  ]  File ignored by rseqc/bam_stat because it exceeded search pattern filesize limit: genes.results
[2022-03-31 10:45:45,508] multiqc                                            [DEBUG  ]  File ignored by rseqc/junction_annotation because it exceeded search pattern filesize limit: genes.results
[2022-03-31 10:45:45,508] multiqc                                            [DEBUG  ]  File ignored by rseqc/read_distribution because it exceeded search pattern filesize limit: genes.results
[2022-03-31 10:45:45,508] multiqc                                            [DEBUG  ]  File ignored by rseqc/infer_experiment because it exceeded search pattern filesize limit: genes.results
[2022-03-31 10:45:45,508] multiqc                                            [DEBUG  ]  File ignored by snpeff because it exceeded search pattern filesize limit: genes.results
[2022-03-31 10:45:45,508] multiqc                                            [DEBUG  ]  File ignored by stacks/sumstats because it exceeded search pattern filesize limit: genes.results
[2022-03-31 10:46:01,793] multiqc                                            [DEBUG  ]  File ignored by nanostat because it exceeded search pattern filesize limit: genes.results
[2022-03-31 10:46:02,672] multiqc                                            [DEBUG  ]  File ignored by ccs/v4 because it exceeded search pattern filesize limit: gtf_annotated_genes.results
[2022-03-31 10:46:02,747] multiqc                                            [DEBUG  ]  File ignored by hicexplorer because it exceeded search pattern filesize limit: gtf_annotated_genes.results
[2022-03-31 10:46:02,752] multiqc                                            [DEBUG  ]  File ignored by lima/summary because it exceeded search pattern filesize limit: gtf_annotated_genes.results
[2022-03-31 10:46:02,909] multiqc                                            [DEBUG  ]  File ignored by vep/vep_html because it exceeded search pattern filesize limit: gtf_annotated_genes.results
[2022-03-31 10:46:02,910] multiqc                                            [DEBUG  ]  File ignored by vep/vep_txt because it exceeded search pattern filesize limit: gtf_annotated_genes.results
[2022-03-31 10:46:02,913] multiqc                                            [DEBUG  ]  File ignored by longranger/invocation because it exceeded search pattern filesize limit: gtf_annotated_genes.results
[2022-03-31 10:46:02,914] multiqc                                            [DEBUG  ]  File ignored by rockhopper because it exceeded search pattern filesize limit: gtf_annotated_genes.results
[2022-03-31 10:46:02,914] multiqc                                            [DEBUG  ]  File ignored by rseqc/bam_stat because it exceeded search pattern filesize limit: gtf_annotated_genes.results
[2022-03-31 10:46:02,914] multiqc                                            [DEBUG  ]  File ignored by rseqc/junction_annotation because it exceeded search pattern filesize limit: gtf_annotated_genes.results
[2022-03-31 10:46:02,914] multiqc                                            [DEBUG  ]  File ignored by rseqc/read_distribution because it exceeded search pattern filesize limit: gtf_annotated_genes.results
[2022-03-31 10:46:02,915] multiqc                                            [DEBUG  ]  File ignored by rseqc/infer_experiment because it exceeded search pattern filesize limit: gtf_annotated_genes.results
[2022-03-31 10:46:02,915] multiqc                                            [DEBUG  ]  File ignored by snpeff because it exceeded search pattern filesize limit: gtf_annotated_genes.results
[2022-03-31 10:46:02,915] multiqc                                            [DEBUG  ]  File ignored by stacks/sumstats because it exceeded search pattern filesize limit: gtf_annotated_genes.results
[2022-03-31 10:46:16,350] multiqc                                            [DEBUG  ]  File ignored by nanostat because it exceeded search pattern filesize limit: gtf_annotated_genes.results
[2022-03-31 10:46:17,652] multiqc                                            [DEBUG  ]  File ignored by ccs/v4 because it exceeded search pattern filesize limit: rb1m.R1-trimmed.log
[2022-03-31 10:46:17,726] multiqc                                            [DEBUG  ]  File ignored by lima/summary because it exceeded search pattern filesize limit: rb1m.R1-trimmed.log
[2022-03-31 10:46:17,902] multiqc                                            [DEBUG  ]  File ignored by longranger/invocation because it exceeded search pattern filesize limit: rb1m.R1-trimmed.log
[2022-03-31 10:46:18,376] multiqc                                            [DEBUG  ]  File ignored by ccs/v4 because it exceeded search pattern filesize limit: rb1m.R1.fastq.gz_tmp_fastqc.html
[2022-03-31 10:46:18,496] multiqc                                            [DEBUG  ]  File ignored by hicexplorer because it exceeded search pattern filesize limit: rb1m.R1.fastq.gz_tmp_fastqc.html
[2022-03-31 10:46:18,502] multiqc                                            [DEBUG  ]  File ignored by lima/summary because it exceeded search pattern filesize limit: rb1m.R1.fastq.gz_tmp_fastqc.html
[2022-03-31 10:46:18,603] multiqc                                            [DEBUG  ]  File ignored by vep/vep_txt because it exceeded search pattern filesize limit: rb1m.R1.fastq.gz_tmp_fastqc.html
[2022-03-31 10:46:18,605] multiqc                                            [DEBUG  ]  File ignored by longranger/invocation because it exceeded search pattern filesize limit: rb1m.R1.fastq.gz_tmp_fastqc.html
[2022-03-31 10:46:19,039] multiqc                                            [DEBUG  ]  File ignored by nanostat because it exceeded search pattern filesize limit: rb1m.R1.fastq.gz_tmp_fastqc.html
[2022-03-31 10:46:22,389] multiqc                                            [DEBUG  ]  File ignored by ccs/v4 because it exceeded search pattern filesize limit: genes.results
[2022-03-31 10:46:22,483] multiqc                                            [DEBUG  ]  File ignored by hicexplorer because it exceeded search pattern filesize limit: genes.results
[2022-03-31 10:46:22,496] multiqc                                            [DEBUG  ]  File ignored by lima/summary because it exceeded search pattern filesize limit: genes.results
[2022-03-31 10:46:22,624] multiqc                                            [DEBUG  ]  File ignored by vep/vep_html because it exceeded search pattern filesize limit: genes.results
[2022-03-31 10:46:22,624] multiqc                                            [DEBUG  ]  File ignored by vep/vep_txt because it exceeded search pattern filesize limit: genes.results
[2022-03-31 10:46:22,628] multiqc                                            [DEBUG  ]  File ignored by longranger/invocation because it exceeded search pattern filesize limit: genes.results
[2022-03-31 10:46:22,628] multiqc                                            [DEBUG  ]  File ignored by rockhopper because it exceeded search pattern filesize limit: genes.results
[2022-03-31 10:46:22,631] multiqc                                            [DEBUG  ]  File ignored by rseqc/bam_stat because it exceeded search pattern filesize limit: genes.results
[2022-03-31 10:46:22,631] multiqc                                            [DEBUG  ]  File ignored by rseqc/junction_annotation because it exceeded search pattern filesize limit: genes.results
[2022-03-31 10:46:22,632] multiqc                                            [DEBUG  ]  File ignored by rseqc/read_distribution because it exceeded search pattern filesize limit: genes.results
[2022-03-31 10:46:22,634] multiqc                                            [DEBUG  ]  File ignored by rseqc/infer_experiment because it exceeded search pattern filesize limit: genes.results
[2022-03-31 10:46:22,635] multiqc                                            [DEBUG  ]  File ignored by snpeff because it exceeded search pattern filesize limit: genes.results
[2022-03-31 10:46:22,636] multiqc                                            [DEBUG  ]  File ignored by stacks/sumstats because it exceeded search pattern filesize limit: genes.results
[2022-03-31 10:46:34,496] multiqc                                            [DEBUG  ]  File ignored by nanostat because it exceeded search pattern filesize limit: genes.results
[2022-03-31 10:46:35,562] multiqc                                            [DEBUG  ]  File ignored by ccs/v4 because it exceeded search pattern filesize limit: gtf_annotated_genes.results
[2022-03-31 10:46:35,618] multiqc                                            [DEBUG  ]  File ignored by hicexplorer because it exceeded search pattern filesize limit: gtf_annotated_genes.results
[2022-03-31 10:46:35,622] multiqc                                            [DEBUG  ]  File ignored by lima/summary because it exceeded search pattern filesize limit: gtf_annotated_genes.results
[2022-03-31 10:46:35,709] multiqc                                            [DEBUG  ]  File ignored by vep/vep_html because it exceeded search pattern filesize limit: gtf_annotated_genes.results
[2022-03-31 10:46:35,709] multiqc                                            [DEBUG  ]  File ignored by vep/vep_txt because it exceeded search pattern filesize limit: gtf_annotated_genes.results
[2022-03-31 10:46:35,711] multiqc                                            [DEBUG  ]  File ignored by longranger/invocation because it exceeded search pattern filesize limit: gtf_annotated_genes.results
[2022-03-31 10:46:35,712] multiqc                                            [DEBUG  ]  File ignored by rockhopper because it exceeded search pattern filesize limit: gtf_annotated_genes.results
[2022-03-31 10:46:35,712] multiqc                                            [DEBUG  ]  File ignored by rseqc/bam_stat because it exceeded search pattern filesize limit: gtf_annotated_genes.results
[2022-03-31 10:46:35,712] multiqc                                            [DEBUG  ]  File ignored by rseqc/junction_annotation because it exceeded search pattern filesize limit: gtf_annotated_genes.results
[2022-03-31 10:46:35,712] multiqc                                            [DEBUG  ]  File ignored by rseqc/read_distribution because it exceeded search pattern filesize limit: gtf_annotated_genes.results
[2022-03-31 10:46:35,713] multiqc                                            [DEBUG  ]  File ignored by rseqc/infer_experiment because it exceeded search pattern filesize limit: gtf_annotated_genes.results
[2022-03-31 10:46:35,713] multiqc                                            [DEBUG  ]  File ignored by snpeff because it exceeded search pattern filesize limit: gtf_annotated_genes.results
[2022-03-31 10:46:35,713] multiqc                                            [DEBUG  ]  File ignored by stacks/sumstats because it exceeded search pattern filesize limit: gtf_annotated_genes.results
[2022-03-31 10:46:48,573] multiqc                                            [DEBUG  ]  File ignored by nanostat because it exceeded search pattern filesize limit: gtf_annotated_genes.results
[2022-03-31 10:46:50,005] multiqc                                            [DEBUG  ]  File ignored by ccs/v4 because it exceeded search pattern filesize limit: rc1m.R1-trimmed.log
[2022-03-31 10:46:50,088] multiqc                                            [DEBUG  ]  File ignored by lima/summary because it exceeded search pattern filesize limit: rc1m.R1-trimmed.log
[2022-03-31 10:46:50,202] multiqc                                            [DEBUG  ]  File ignored by longranger/invocation because it exceeded search pattern filesize limit: rc1m.R1-trimmed.log
[2022-03-31 10:46:50,598] multiqc                                            [DEBUG  ]  File ignored by ccs/v4 because it exceeded search pattern filesize limit: rc1m.R1.fastq.gz_tmp_fastqc.html
[2022-03-31 10:46:50,654] multiqc                                            [DEBUG  ]  File ignored by hicexplorer because it exceeded search pattern filesize limit: rc1m.R1.fastq.gz_tmp_fastqc.html
[2022-03-31 10:46:50,658] multiqc                                            [DEBUG  ]  File ignored by lima/summary because it exceeded search pattern filesize limit: rc1m.R1.fastq.gz_tmp_fastqc.html
[2022-03-31 10:46:50,807] multiqc                                            [DEBUG  ]  File ignored by vep/vep_txt because it exceeded search pattern filesize limit: rc1m.R1.fastq.gz_tmp_fastqc.html
[2022-03-31 10:46:50,810] multiqc                                            [DEBUG  ]  File ignored by longranger/invocation because it exceeded search pattern filesize limit: rc1m.R1.fastq.gz_tmp_fastqc.html
[2022-03-31 10:46:51,310] multiqc                                            [DEBUG  ]  File ignored by nanostat because it exceeded search pattern filesize limit: rc1m.R1.fastq.gz_tmp_fastqc.html
[2022-03-31 10:46:54,935] multiqc                                            [DEBUG  ]  File ignored by ccs/v4 because it exceeded search pattern filesize limit: genes.results
[2022-03-31 10:46:55,034] multiqc                                            [DEBUG  ]  File ignored by hicexplorer because it exceeded search pattern filesize limit: genes.results
[2022-03-31 10:46:55,043] multiqc                                            [DEBUG  ]  File ignored by lima/summary because it exceeded search pattern filesize limit: genes.results
[2022-03-31 10:46:55,205] multiqc                                            [DEBUG  ]  File ignored by vep/vep_html because it exceeded search pattern filesize limit: genes.results
[2022-03-31 10:46:55,205] multiqc                                            [DEBUG  ]  File ignored by vep/vep_txt because it exceeded search pattern filesize limit: genes.results
[2022-03-31 10:46:55,209] multiqc                                            [DEBUG  ]  File ignored by longranger/invocation because it exceeded search pattern filesize limit: genes.results
[2022-03-31 10:46:55,210] multiqc                                            [DEBUG  ]  File ignored by rockhopper because it exceeded search pattern filesize limit: genes.results
[2022-03-31 10:46:55,210] multiqc                                            [DEBUG  ]  File ignored by rseqc/bam_stat because it exceeded search pattern filesize limit: genes.results
[2022-03-31 10:46:55,212] multiqc                                            [DEBUG  ]  File ignored by rseqc/junction_annotation because it exceeded search pattern filesize limit: genes.results
[2022-03-31 10:46:55,212] multiqc                                            [DEBUG  ]  File ignored by rseqc/read_distribution because it exceeded search pattern filesize limit: genes.results
[2022-03-31 10:46:55,213] multiqc                                            [DEBUG  ]  File ignored by rseqc/infer_experiment because it exceeded search pattern filesize limit: genes.results
[2022-03-31 10:46:55,213] multiqc                                            [DEBUG  ]  File ignored by snpeff because it exceeded search pattern filesize limit: genes.results
[2022-03-31 10:46:55,213] multiqc                                            [DEBUG  ]  File ignored by stacks/sumstats because it exceeded search pattern filesize limit: genes.results
[2022-03-31 10:47:08,424] multiqc                                            [DEBUG  ]  File ignored by nanostat because it exceeded search pattern filesize limit: genes.results
[2022-03-31 10:47:09,195] multiqc                                            [DEBUG  ]  File ignored by ccs/v4 because it exceeded search pattern filesize limit: gtf_annotated_genes.results
[2022-03-31 10:47:09,247] multiqc                                            [DEBUG  ]  File ignored by hicexplorer because it exceeded search pattern filesize limit: gtf_annotated_genes.results
[2022-03-31 10:47:09,253] multiqc                                            [DEBUG  ]  File ignored by lima/summary because it exceeded search pattern filesize limit: gtf_annotated_genes.results
[2022-03-31 10:47:09,368] multiqc                                            [DEBUG  ]  File ignored by vep/vep_html because it exceeded search pattern filesize limit: gtf_annotated_genes.results
[2022-03-31 10:47:09,368] multiqc                                            [DEBUG  ]  File ignored by vep/vep_txt because it exceeded search pattern filesize limit: gtf_annotated_genes.results
[2022-03-31 10:47:09,372] multiqc                                            [DEBUG  ]  File ignored by longranger/invocation because it exceeded search pattern filesize limit: gtf_annotated_genes.results
[2022-03-31 10:47:09,373] multiqc                                            [DEBUG  ]  File ignored by rockhopper because it exceeded search pattern filesize limit: gtf_annotated_genes.results
[2022-03-31 10:47:09,373] multiqc                                            [DEBUG  ]  File ignored by rseqc/bam_stat because it exceeded search pattern filesize limit: gtf_annotated_genes.results
[2022-03-31 10:47:09,373] multiqc                                            [DEBUG  ]  File ignored by rseqc/junction_annotation because it exceeded search pattern filesize limit: gtf_annotated_genes.results
[2022-03-31 10:47:09,373] multiqc                                            [DEBUG  ]  File ignored by rseqc/read_distribution because it exceeded search pattern filesize limit: gtf_annotated_genes.results
[2022-03-31 10:47:09,375] multiqc                                            [DEBUG  ]  File ignored by rseqc/infer_experiment because it exceeded search pattern filesize limit: gtf_annotated_genes.results
[2022-03-31 10:47:09,376] multiqc                                            [DEBUG  ]  File ignored by snpeff because it exceeded search pattern filesize limit: gtf_annotated_genes.results
[2022-03-31 10:47:09,376] multiqc                                            [DEBUG  ]  File ignored by stacks/sumstats because it exceeded search pattern filesize limit: gtf_annotated_genes.results
[2022-03-31 10:47:22,754] multiqc                                            [DEBUG  ]  File ignored by nanostat because it exceeded search pattern filesize limit: gtf_annotated_genes.results
[2022-03-31 10:47:24,045] multiqc                                            [DEBUG  ]  File ignored by ccs/v4 because it exceeded search pattern filesize limit: rd1m.R1-trimmed.log
[2022-03-31 10:47:24,113] multiqc                                            [DEBUG  ]  File ignored by lima/summary because it exceeded search pattern filesize limit: rd1m.R1-trimmed.log
[2022-03-31 10:47:24,212] multiqc                                            [DEBUG  ]  File ignored by longranger/invocation because it exceeded search pattern filesize limit: rd1m.R1-trimmed.log
[2022-03-31 10:47:24,645] multiqc                                            [DEBUG  ]  File ignored by ccs/v4 because it exceeded search pattern filesize limit: rd1m.R1.fastq.gz_tmp_fastqc.html
[2022-03-31 10:47:24,692] multiqc                                            [DEBUG  ]  File ignored by hicexplorer because it exceeded search pattern filesize limit: rd1m.R1.fastq.gz_tmp_fastqc.html
[2022-03-31 10:47:24,697] multiqc                                            [DEBUG  ]  File ignored by lima/summary because it exceeded search pattern filesize limit: rd1m.R1.fastq.gz_tmp_fastqc.html
[2022-03-31 10:47:24,852] multiqc                                            [DEBUG  ]  File ignored by vep/vep_txt because it exceeded search pattern filesize limit: rd1m.R1.fastq.gz_tmp_fastqc.html
[2022-03-31 10:47:24,854] multiqc                                            [DEBUG  ]  File ignored by longranger/invocation because it exceeded search pattern filesize limit: rd1m.R1.fastq.gz_tmp_fastqc.html
[2022-03-31 10:47:25,257] multiqc                                            [DEBUG  ]  File ignored by nanostat because it exceeded search pattern filesize limit: rd1m.R1.fastq.gz_tmp_fastqc.html
[2022-03-31 10:47:28,521] multiqc                                            [DEBUG  ]  File ignored by ccs/v4 because it exceeded search pattern filesize limit: genes.results
[2022-03-31 10:47:28,585] multiqc                                            [DEBUG  ]  File ignored by hicexplorer because it exceeded search pattern filesize limit: genes.results
[2022-03-31 10:47:28,591] multiqc                                            [DEBUG  ]  File ignored by lima/summary because it exceeded search pattern filesize limit: genes.results
[2022-03-31 10:47:28,699] multiqc                                            [DEBUG  ]  File ignored by vep/vep_html because it exceeded search pattern filesize limit: genes.results
[2022-03-31 10:47:28,699] multiqc                                            [DEBUG  ]  File ignored by vep/vep_txt because it exceeded search pattern filesize limit: genes.results
[2022-03-31 10:47:28,702] multiqc                                            [DEBUG  ]  File ignored by longranger/invocation because it exceeded search pattern filesize limit: genes.results
[2022-03-31 10:47:28,702] multiqc                                            [DEBUG  ]  File ignored by rockhopper because it exceeded search pattern filesize limit: genes.results
[2022-03-31 10:47:28,702] multiqc                                            [DEBUG  ]  File ignored by rseqc/bam_stat because it exceeded search pattern filesize limit: genes.results
[2022-03-31 10:47:28,703] multiqc                                            [DEBUG  ]  File ignored by rseqc/junction_annotation because it exceeded search pattern filesize limit: genes.results
[2022-03-31 10:47:28,703] multiqc                                            [DEBUG  ]  File ignored by rseqc/read_distribution because it exceeded search pattern filesize limit: genes.results
[2022-03-31 10:47:28,703] multiqc                                            [DEBUG  ]  File ignored by rseqc/infer_experiment because it exceeded search pattern filesize limit: genes.results
[2022-03-31 10:47:28,704] multiqc                                            [DEBUG  ]  File ignored by snpeff because it exceeded search pattern filesize limit: genes.results
[2022-03-31 10:47:28,704] multiqc                                            [DEBUG  ]  File ignored by stacks/sumstats because it exceeded search pattern filesize limit: genes.results
[2022-03-31 10:47:39,804] multiqc                                            [DEBUG  ]  File ignored by nanostat because it exceeded search pattern filesize limit: genes.results
[2022-03-31 10:47:40,688] multiqc                                            [DEBUG  ]  File ignored by ccs/v4 because it exceeded search pattern filesize limit: gtf_annotated_genes.results
[2022-03-31 10:47:40,750] multiqc                                            [DEBUG  ]  File ignored by hicexplorer because it exceeded search pattern filesize limit: gtf_annotated_genes.results
[2022-03-31 10:47:40,754] multiqc                                            [DEBUG  ]  File ignored by lima/summary because it exceeded search pattern filesize limit: gtf_annotated_genes.results
[2022-03-31 10:47:40,865] multiqc                                            [DEBUG  ]  File ignored by vep/vep_html because it exceeded search pattern filesize limit: gtf_annotated_genes.results
[2022-03-31 10:47:40,865] multiqc                                            [DEBUG  ]  File ignored by vep/vep_txt because it exceeded search pattern filesize limit: gtf_annotated_genes.results
[2022-03-31 10:47:40,867] multiqc                                            [DEBUG  ]  File ignored by longranger/invocation because it exceeded search pattern filesize limit: gtf_annotated_genes.results
[2022-03-31 10:47:40,868] multiqc                                            [DEBUG  ]  File ignored by rockhopper because it exceeded search pattern filesize limit: gtf_annotated_genes.results
[2022-03-31 10:47:40,868] multiqc                                            [DEBUG  ]  File ignored by rseqc/bam_stat because it exceeded search pattern filesize limit: gtf_annotated_genes.results
[2022-03-31 10:47:40,868] multiqc                                            [DEBUG  ]  File ignored by rseqc/junction_annotation because it exceeded search pattern filesize limit: gtf_annotated_genes.results
[2022-03-31 10:47:40,868] multiqc                                            [DEBUG  ]  File ignored by rseqc/read_distribution because it exceeded search pattern filesize limit: gtf_annotated_genes.results
[2022-03-31 10:47:40,868] multiqc                                            [DEBUG  ]  File ignored by rseqc/infer_experiment because it exceeded search pattern filesize limit: gtf_annotated_genes.results
[2022-03-31 10:47:40,869] multiqc                                            [DEBUG  ]  File ignored by snpeff because it exceeded search pattern filesize limit: gtf_annotated_genes.results
[2022-03-31 10:47:40,869] multiqc                                            [DEBUG  ]  File ignored by stacks/sumstats because it exceeded search pattern filesize limit: gtf_annotated_genes.results
[2022-03-31 10:47:54,127] multiqc                                            [DEBUG  ]  File ignored by nanostat because it exceeded search pattern filesize limit: gtf_annotated_genes.results
[2022-03-31 10:47:55,461] multiqc                                            [DEBUG  ]  File ignored by ccs/v4 because it exceeded search pattern filesize limit: re1m.R1-trimmed.log
[2022-03-31 10:47:55,522] multiqc                                            [DEBUG  ]  File ignored by lima/summary because it exceeded search pattern filesize limit: re1m.R1-trimmed.log
[2022-03-31 10:47:55,672] multiqc                                            [DEBUG  ]  File ignored by longranger/invocation because it exceeded search pattern filesize limit: re1m.R1-trimmed.log
[2022-03-31 10:47:56,048] multiqc                                            [DEBUG  ]  File ignored by ccs/v4 because it exceeded search pattern filesize limit: re1m.R1.fastq.gz_tmp_fastqc.html
[2022-03-31 10:47:56,129] multiqc                                            [DEBUG  ]  File ignored by hicexplorer because it exceeded search pattern filesize limit: re1m.R1.fastq.gz_tmp_fastqc.html
[2022-03-31 10:47:56,135] multiqc                                            [DEBUG  ]  File ignored by lima/summary because it exceeded search pattern filesize limit: re1m.R1.fastq.gz_tmp_fastqc.html
[2022-03-31 10:47:56,275] multiqc                                            [DEBUG  ]  File ignored by vep/vep_txt because it exceeded search pattern filesize limit: re1m.R1.fastq.gz_tmp_fastqc.html
[2022-03-31 10:47:56,279] multiqc                                            [DEBUG  ]  File ignored by longranger/invocation because it exceeded search pattern filesize limit: re1m.R1.fastq.gz_tmp_fastqc.html
[2022-03-31 10:47:56,664] multiqc                                            [DEBUG  ]  File ignored by nanostat because it exceeded search pattern filesize limit: re1m.R1.fastq.gz_tmp_fastqc.html
[2022-03-31 10:47:59,452] multiqc                                            [DEBUG  ]  File ignored by ccs/v4 because it exceeded search pattern filesize limit: genes.results
[2022-03-31 10:47:59,507] multiqc                                            [DEBUG  ]  File ignored by hicexplorer because it exceeded search pattern filesize limit: genes.results
[2022-03-31 10:47:59,512] multiqc                                            [DEBUG  ]  File ignored by lima/summary because it exceeded search pattern filesize limit: genes.results
[2022-03-31 10:47:59,649] multiqc                                            [DEBUG  ]  File ignored by vep/vep_html because it exceeded search pattern filesize limit: genes.results
[2022-03-31 10:47:59,650] multiqc                                            [DEBUG  ]  File ignored by vep/vep_txt because it exceeded search pattern filesize limit: genes.results
[2022-03-31 10:47:59,652] multiqc                                            [DEBUG  ]  File ignored by longranger/invocation because it exceeded search pattern filesize limit: genes.results
[2022-03-31 10:47:59,652] multiqc                                            [DEBUG  ]  File ignored by rockhopper because it exceeded search pattern filesize limit: genes.results
[2022-03-31 10:47:59,652] multiqc                                            [DEBUG  ]  File ignored by rseqc/bam_stat because it exceeded search pattern filesize limit: genes.results
[2022-03-31 10:47:59,653] multiqc                                            [DEBUG  ]  File ignored by rseqc/junction_annotation because it exceeded search pattern filesize limit: genes.results
[2022-03-31 10:47:59,653] multiqc                                            [DEBUG  ]  File ignored by rseqc/read_distribution because it exceeded search pattern filesize limit: genes.results
[2022-03-31 10:47:59,653] multiqc                                            [DEBUG  ]  File ignored by rseqc/infer_experiment because it exceeded search pattern filesize limit: genes.results
[2022-03-31 10:47:59,653] multiqc                                            [DEBUG  ]  File ignored by snpeff because it exceeded search pattern filesize limit: genes.results
[2022-03-31 10:47:59,653] multiqc                                            [DEBUG  ]  File ignored by stacks/sumstats because it exceeded search pattern filesize limit: genes.results
[2022-03-31 10:48:10,797] multiqc                                            [DEBUG  ]  File ignored by nanostat because it exceeded search pattern filesize limit: genes.results
[2022-03-31 10:48:11,570] multiqc                                            [DEBUG  ]  File ignored by ccs/v4 because it exceeded search pattern filesize limit: gtf_annotated_genes.results
[2022-03-31 10:48:11,624] multiqc                                            [DEBUG  ]  File ignored by hicexplorer because it exceeded search pattern filesize limit: gtf_annotated_genes.results
[2022-03-31 10:48:11,630] multiqc                                            [DEBUG  ]  File ignored by lima/summary because it exceeded search pattern filesize limit: gtf_annotated_genes.results
[2022-03-31 10:48:11,733] multiqc                                            [DEBUG  ]  File ignored by vep/vep_html because it exceeded search pattern filesize limit: gtf_annotated_genes.results
[2022-03-31 10:48:11,734] multiqc                                            [DEBUG  ]  File ignored by vep/vep_txt because it exceeded search pattern filesize limit: gtf_annotated_genes.results
[2022-03-31 10:48:11,738] multiqc                                            [DEBUG  ]  File ignored by longranger/invocation because it exceeded search pattern filesize limit: gtf_annotated_genes.results
[2022-03-31 10:48:11,739] multiqc                                            [DEBUG  ]  File ignored by rockhopper because it exceeded search pattern filesize limit: gtf_annotated_genes.results
[2022-03-31 10:48:11,740] multiqc                                            [DEBUG  ]  File ignored by rseqc/bam_stat because it exceeded search pattern filesize limit: gtf_annotated_genes.results
[2022-03-31 10:48:11,741] multiqc                                            [DEBUG  ]  File ignored by rseqc/junction_annotation because it exceeded search pattern filesize limit: gtf_annotated_genes.results
[2022-03-31 10:48:11,742] multiqc                                            [DEBUG  ]  File ignored by rseqc/read_distribution because it exceeded search pattern filesize limit: gtf_annotated_genes.results
[2022-03-31 10:48:11,743] multiqc                                            [DEBUG  ]  File ignored by rseqc/infer_experiment because it exceeded search pattern filesize limit: gtf_annotated_genes.results
[2022-03-31 10:48:11,743] multiqc                                            [DEBUG  ]  File ignored by snpeff because it exceeded search pattern filesize limit: gtf_annotated_genes.results
[2022-03-31 10:48:11,744] multiqc                                            [DEBUG  ]  File ignored by stacks/sumstats because it exceeded search pattern filesize limit: gtf_annotated_genes.results
[2022-03-31 10:48:22,966] multiqc                                            [DEBUG  ]  File ignored by nanostat because it exceeded search pattern filesize limit: gtf_annotated_genes.results
[2022-03-31 10:48:24,098] multiqc                                            [DEBUG  ]  File ignored by ccs/v4 because it exceeded search pattern filesize limit: rf1m.R1-trimmed.log
[2022-03-31 10:48:24,208] multiqc                                            [DEBUG  ]  File ignored by lima/summary because it exceeded search pattern filesize limit: rf1m.R1-trimmed.log
[2022-03-31 10:48:24,326] multiqc                                            [DEBUG  ]  File ignored by longranger/invocation because it exceeded search pattern filesize limit: rf1m.R1-trimmed.log
[2022-03-31 10:48:24,651] multiqc                                            [DEBUG  ]  File ignored by ccs/v4 because it exceeded search pattern filesize limit: rf1m.R1.fastq.gz_tmp_fastqc.html
[2022-03-31 10:48:24,749] multiqc                                            [DEBUG  ]  File ignored by hicexplorer because it exceeded search pattern filesize limit: rf1m.R1.fastq.gz_tmp_fastqc.html
[2022-03-31 10:48:24,754] multiqc                                            [DEBUG  ]  File ignored by lima/summary because it exceeded search pattern filesize limit: rf1m.R1.fastq.gz_tmp_fastqc.html
[2022-03-31 10:48:24,864] multiqc                                            [DEBUG  ]  File ignored by vep/vep_txt because it exceeded search pattern filesize limit: rf1m.R1.fastq.gz_tmp_fastqc.html
[2022-03-31 10:48:24,868] multiqc                                            [DEBUG  ]  File ignored by longranger/invocation because it exceeded search pattern filesize limit: rf1m.R1.fastq.gz_tmp_fastqc.html
[2022-03-31 10:48:25,259] multiqc                                            [DEBUG  ]  File ignored by nanostat because it exceeded search pattern filesize limit: rf1m.R1.fastq.gz_tmp_fastqc.html
[2022-03-31 10:48:28,142] multiqc                                            [DEBUG  ]  File ignored by ccs/v4 because it exceeded search pattern filesize limit: genes.results
[2022-03-31 10:48:28,196] multiqc                                            [DEBUG  ]  File ignored by hicexplorer because it exceeded search pattern filesize limit: genes.results
[2022-03-31 10:48:28,200] multiqc                                            [DEBUG  ]  File ignored by lima/summary because it exceeded search pattern filesize limit: genes.results
[2022-03-31 10:48:28,313] multiqc                                            [DEBUG  ]  File ignored by vep/vep_html because it exceeded search pattern filesize limit: genes.results
[2022-03-31 10:48:28,313] multiqc                                            [DEBUG  ]  File ignored by vep/vep_txt because it exceeded search pattern filesize limit: genes.results
[2022-03-31 10:48:28,315] multiqc                                            [DEBUG  ]  File ignored by longranger/invocation because it exceeded search pattern filesize limit: genes.results
[2022-03-31 10:48:28,315] multiqc                                            [DEBUG  ]  File ignored by rockhopper because it exceeded search pattern filesize limit: genes.results
[2022-03-31 10:48:28,316] multiqc                                            [DEBUG  ]  File ignored by rseqc/bam_stat because it exceeded search pattern filesize limit: genes.results
[2022-03-31 10:48:28,316] multiqc                                            [DEBUG  ]  File ignored by rseqc/junction_annotation because it exceeded search pattern filesize limit: genes.results
[2022-03-31 10:48:28,317] multiqc                                            [DEBUG  ]  File ignored by rseqc/read_distribution because it exceeded search pattern filesize limit: genes.results
[2022-03-31 10:48:28,319] multiqc                                            [DEBUG  ]  File ignored by rseqc/infer_experiment because it exceeded search pattern filesize limit: genes.results
[2022-03-31 10:48:28,319] multiqc                                            [DEBUG  ]  File ignored by snpeff because it exceeded search pattern filesize limit: genes.results
[2022-03-31 10:48:28,319] multiqc                                            [DEBUG  ]  File ignored by stacks/sumstats because it exceeded search pattern filesize limit: genes.results
[2022-03-31 10:48:39,671] multiqc                                            [DEBUG  ]  File ignored by nanostat because it exceeded search pattern filesize limit: genes.results
[2022-03-31 10:48:40,400] multiqc                                            [DEBUG  ]  File ignored by ccs/v4 because it exceeded search pattern filesize limit: gtf_annotated_genes.results
[2022-03-31 10:48:40,458] multiqc                                            [DEBUG  ]  File ignored by hicexplorer because it exceeded search pattern filesize limit: gtf_annotated_genes.results
[2022-03-31 10:48:40,463] multiqc                                            [DEBUG  ]  File ignored by lima/summary because it exceeded search pattern filesize limit: gtf_annotated_genes.results
[2022-03-31 10:48:40,589] multiqc                                            [DEBUG  ]  File ignored by vep/vep_html because it exceeded search pattern filesize limit: gtf_annotated_genes.results
[2022-03-31 10:48:40,589] multiqc                                            [DEBUG  ]  File ignored by vep/vep_txt because it exceeded search pattern filesize limit: gtf_annotated_genes.results
[2022-03-31 10:48:40,591] multiqc                                            [DEBUG  ]  File ignored by longranger/invocation because it exceeded search pattern filesize limit: gtf_annotated_genes.results
[2022-03-31 10:48:40,591] multiqc                                            [DEBUG  ]  File ignored by rockhopper because it exceeded search pattern filesize limit: gtf_annotated_genes.results
[2022-03-31 10:48:40,592] multiqc                                            [DEBUG  ]  File ignored by rseqc/bam_stat because it exceeded search pattern filesize limit: gtf_annotated_genes.results
[2022-03-31 10:48:40,592] multiqc                                            [DEBUG  ]  File ignored by rseqc/junction_annotation because it exceeded search pattern filesize limit: gtf_annotated_genes.results
[2022-03-31 10:48:40,592] multiqc                                            [DEBUG  ]  File ignored by rseqc/read_distribution because it exceeded search pattern filesize limit: gtf_annotated_genes.results
[2022-03-31 10:48:40,592] multiqc                                            [DEBUG  ]  File ignored by rseqc/infer_experiment because it exceeded search pattern filesize limit: gtf_annotated_genes.results
[2022-03-31 10:48:40,593] multiqc                                            [DEBUG  ]  File ignored by snpeff because it exceeded search pattern filesize limit: gtf_annotated_genes.results
[2022-03-31 10:48:40,593] multiqc                                            [DEBUG  ]  File ignored by stacks/sumstats because it exceeded search pattern filesize limit: gtf_annotated_genes.results
[2022-03-31 10:48:53,052] multiqc                                            [DEBUG  ]  File ignored by nanostat because it exceeded search pattern filesize limit: gtf_annotated_genes.results
[2022-03-31 10:48:54,600] multiqc                                            [DEBUG  ]  File ignored by ccs/v4 because it exceeded search pattern filesize limit: rg1m.R1-trimmed.log
[2022-03-31 10:48:54,653] multiqc                                            [DEBUG  ]  File ignored by lima/summary because it exceeded search pattern filesize limit: rg1m.R1-trimmed.log
[2022-03-31 10:48:54,794] multiqc                                            [DEBUG  ]  File ignored by longranger/invocation because it exceeded search pattern filesize limit: rg1m.R1-trimmed.log
[2022-03-31 10:48:55,242] multiqc                                            [DEBUG  ]  File ignored by ccs/v4 because it exceeded search pattern filesize limit: rg1m.R1.fastq.gz_tmp_fastqc.html
[2022-03-31 10:48:55,299] multiqc                                            [DEBUG  ]  File ignored by hicexplorer because it exceeded search pattern filesize limit: rg1m.R1.fastq.gz_tmp_fastqc.html
[2022-03-31 10:48:55,304] multiqc                                            [DEBUG  ]  File ignored by lima/summary because it exceeded search pattern filesize limit: rg1m.R1.fastq.gz_tmp_fastqc.html
[2022-03-31 10:48:55,426] multiqc                                            [DEBUG  ]  File ignored by vep/vep_txt because it exceeded search pattern filesize limit: rg1m.R1.fastq.gz_tmp_fastqc.html
[2022-03-31 10:48:55,429] multiqc                                            [DEBUG  ]  File ignored by longranger/invocation because it exceeded search pattern filesize limit: rg1m.R1.fastq.gz_tmp_fastqc.html
[2022-03-31 10:48:55,800] multiqc                                            [DEBUG  ]  File ignored by nanostat because it exceeded search pattern filesize limit: rg1m.R1.fastq.gz_tmp_fastqc.html
[2022-03-31 10:48:58,891] multiqc                                            [DEBUG  ]  File ignored by ccs/v4 because it exceeded search pattern filesize limit: genes.results
[2022-03-31 10:48:58,957] multiqc                                            [DEBUG  ]  File ignored by hicexplorer because it exceeded search pattern filesize limit: genes.results
[2022-03-31 10:48:58,962] multiqc                                            [DEBUG  ]  File ignored by lima/summary because it exceeded search pattern filesize limit: genes.results
[2022-03-31 10:49:00,105] multiqc                                            [DEBUG  ]  File ignored by vep/vep_html because it exceeded search pattern filesize limit: genes.results
[2022-03-31 10:49:00,105] multiqc                                            [DEBUG  ]  File ignored by vep/vep_txt because it exceeded search pattern filesize limit: genes.results
[2022-03-31 10:49:00,108] multiqc                                            [DEBUG  ]  File ignored by longranger/invocation because it exceeded search pattern filesize limit: genes.results
[2022-03-31 10:49:00,108] multiqc                                            [DEBUG  ]  File ignored by rockhopper because it exceeded search pattern filesize limit: genes.results
[2022-03-31 10:49:00,108] multiqc                                            [DEBUG  ]  File ignored by rseqc/bam_stat because it exceeded search pattern filesize limit: genes.results
[2022-03-31 10:49:00,108] multiqc                                            [DEBUG  ]  File ignored by rseqc/junction_annotation because it exceeded search pattern filesize limit: genes.results
[2022-03-31 10:49:00,109] multiqc                                            [DEBUG  ]  File ignored by rseqc/read_distribution because it exceeded search pattern filesize limit: genes.results
[2022-03-31 10:49:00,109] multiqc                                            [DEBUG  ]  File ignored by rseqc/infer_experiment because it exceeded search pattern filesize limit: genes.results
[2022-03-31 10:49:00,109] multiqc                                            [DEBUG  ]  File ignored by snpeff because it exceeded search pattern filesize limit: genes.results
[2022-03-31 10:49:00,110] multiqc                                            [DEBUG  ]  File ignored by stacks/sumstats because it exceeded search pattern filesize limit: genes.results
[2022-03-31 10:49:11,520] multiqc                                            [DEBUG  ]  File ignored by nanostat because it exceeded search pattern filesize limit: genes.results
[2022-03-31 10:49:12,233] multiqc                                            [DEBUG  ]  File ignored by ccs/v4 because it exceeded search pattern filesize limit: gtf_annotated_genes.results
[2022-03-31 10:49:12,285] multiqc                                            [DEBUG  ]  File ignored by hicexplorer because it exceeded search pattern filesize limit: gtf_annotated_genes.results
[2022-03-31 10:49:12,292] multiqc                                            [DEBUG  ]  File ignored by lima/summary because it exceeded search pattern filesize limit: gtf_annotated_genes.results
[2022-03-31 10:49:12,390] multiqc                                            [DEBUG  ]  File ignored by vep/vep_html because it exceeded search pattern filesize limit: gtf_annotated_genes.results
[2022-03-31 10:49:12,391] multiqc                                            [DEBUG  ]  File ignored by vep/vep_txt because it exceeded search pattern filesize limit: gtf_annotated_genes.results
[2022-03-31 10:49:12,393] multiqc                                            [DEBUG  ]  File ignored by longranger/invocation because it exceeded search pattern filesize limit: gtf_annotated_genes.results
[2022-03-31 10:49:12,393] multiqc                                            [DEBUG  ]  File ignored by rockhopper because it exceeded search pattern filesize limit: gtf_annotated_genes.results
[2022-03-31 10:49:12,393] multiqc                                            [DEBUG  ]  File ignored by rseqc/bam_stat because it exceeded search pattern filesize limit: gtf_annotated_genes.results
[2022-03-31 10:49:12,394] multiqc                                            [DEBUG  ]  File ignored by rseqc/junction_annotation because it exceeded search pattern filesize limit: gtf_annotated_genes.results
[2022-03-31 10:49:12,394] multiqc                                            [DEBUG  ]  File ignored by rseqc/read_distribution because it exceeded search pattern filesize limit: gtf_annotated_genes.results
[2022-03-31 10:49:12,394] multiqc                                            [DEBUG  ]  File ignored by rseqc/infer_experiment because it exceeded search pattern filesize limit: gtf_annotated_genes.results
[2022-03-31 10:49:12,394] multiqc                                            [DEBUG  ]  File ignored by snpeff because it exceeded search pattern filesize limit: gtf_annotated_genes.results
[2022-03-31 10:49:12,395] multiqc                                            [DEBUG  ]  File ignored by stacks/sumstats because it exceeded search pattern filesize limit: gtf_annotated_genes.results
[2022-03-31 10:49:23,414] multiqc                                            [DEBUG  ]  File ignored by nanostat because it exceeded search pattern filesize limit: gtf_annotated_genes.results
[2022-03-31 10:49:25,877] multiqc                                            [DEBUG  ]  File ignored by ccs/v4 because it exceeded search pattern filesize limit: sa1m.R1-trimmed.log
[2022-03-31 10:49:25,936] multiqc                                            [DEBUG  ]  File ignored by lima/summary because it exceeded search pattern filesize limit: sa1m.R1-trimmed.log
[2022-03-31 10:49:26,073] multiqc                                            [DEBUG  ]  File ignored by longranger/invocation because it exceeded search pattern filesize limit: sa1m.R1-trimmed.log
[2022-03-31 10:49:26,374] multiqc                                            [DEBUG  ]  File ignored by ccs/v4 because it exceeded search pattern filesize limit: sa1m.R1.fastq.gz_tmp_fastqc.html
[2022-03-31 10:49:26,472] multiqc                                            [DEBUG  ]  File ignored by hicexplorer because it exceeded search pattern filesize limit: sa1m.R1.fastq.gz_tmp_fastqc.html
[2022-03-31 10:49:26,478] multiqc                                            [DEBUG  ]  File ignored by lima/summary because it exceeded search pattern filesize limit: sa1m.R1.fastq.gz_tmp_fastqc.html
[2022-03-31 10:49:26,579] multiqc                                            [DEBUG  ]  File ignored by vep/vep_txt because it exceeded search pattern filesize limit: sa1m.R1.fastq.gz_tmp_fastqc.html
[2022-03-31 10:49:26,583] multiqc                                            [DEBUG  ]  File ignored by longranger/invocation because it exceeded search pattern filesize limit: sa1m.R1.fastq.gz_tmp_fastqc.html
[2022-03-31 10:49:27,101] multiqc                                            [DEBUG  ]  File ignored by nanostat because it exceeded search pattern filesize limit: sa1m.R1.fastq.gz_tmp_fastqc.html
[2022-03-31 10:49:31,692] multiqc                                            [DEBUG  ]  File ignored by ccs/v4 because it exceeded search pattern filesize limit: sb1m.R1-trimmed.log
[2022-03-31 10:49:31,767] multiqc                                            [DEBUG  ]  File ignored by lima/summary because it exceeded search pattern filesize limit: sb1m.R1-trimmed.log
[2022-03-31 10:49:31,880] multiqc                                            [DEBUG  ]  File ignored by longranger/invocation because it exceeded search pattern filesize limit: sb1m.R1-trimmed.log
[2022-03-31 10:49:32,247] multiqc                                            [DEBUG  ]  File ignored by ccs/v4 because it exceeded search pattern filesize limit: sb1m.R1.fastq.gz_tmp_fastqc.html
[2022-03-31 10:49:32,336] multiqc                                            [DEBUG  ]  File ignored by hicexplorer because it exceeded search pattern filesize limit: sb1m.R1.fastq.gz_tmp_fastqc.html
[2022-03-31 10:49:32,342] multiqc                                            [DEBUG  ]  File ignored by lima/summary because it exceeded search pattern filesize limit: sb1m.R1.fastq.gz_tmp_fastqc.html
[2022-03-31 10:49:32,452] multiqc                                            [DEBUG  ]  File ignored by vep/vep_txt because it exceeded search pattern filesize limit: sb1m.R1.fastq.gz_tmp_fastqc.html
[2022-03-31 10:49:32,458] multiqc                                            [DEBUG  ]  File ignored by longranger/invocation because it exceeded search pattern filesize limit: sb1m.R1.fastq.gz_tmp_fastqc.html
[2022-03-31 10:49:33,048] multiqc                                            [DEBUG  ]  File ignored by nanostat because it exceeded search pattern filesize limit: sb1m.R1.fastq.gz_tmp_fastqc.html
[2022-03-31 10:49:34,893] multiqc                                            [DEBUG  ]  File ignored by ccs/v4 because it exceeded search pattern filesize limit: genes.results
[2022-03-31 10:49:34,953] multiqc                                            [DEBUG  ]  File ignored by hicexplorer because it exceeded search pattern filesize limit: genes.results
[2022-03-31 10:49:34,959] multiqc                                            [DEBUG  ]  File ignored by lima/summary because it exceeded search pattern filesize limit: genes.results
[2022-03-31 10:49:35,065] multiqc                                            [DEBUG  ]  File ignored by vep/vep_html because it exceeded search pattern filesize limit: genes.results
[2022-03-31 10:49:35,065] multiqc                                            [DEBUG  ]  File ignored by vep/vep_txt because it exceeded search pattern filesize limit: genes.results
[2022-03-31 10:49:35,067] multiqc                                            [DEBUG  ]  File ignored by longranger/invocation because it exceeded search pattern filesize limit: genes.results
[2022-03-31 10:49:35,067] multiqc                                            [DEBUG  ]  File ignored by rockhopper because it exceeded search pattern filesize limit: genes.results
[2022-03-31 10:49:35,067] multiqc                                            [DEBUG  ]  File ignored by rseqc/bam_stat because it exceeded search pattern filesize limit: genes.results
[2022-03-31 10:49:35,067] multiqc                                            [DEBUG  ]  File ignored by rseqc/junction_annotation because it exceeded search pattern filesize limit: genes.results
[2022-03-31 10:49:35,067] multiqc                                            [DEBUG  ]  File ignored by rseqc/read_distribution because it exceeded search pattern filesize limit: genes.results
[2022-03-31 10:49:35,068] multiqc                                            [DEBUG  ]  File ignored by rseqc/infer_experiment because it exceeded search pattern filesize limit: genes.results
[2022-03-31 10:49:35,068] multiqc                                            [DEBUG  ]  File ignored by snpeff because it exceeded search pattern filesize limit: genes.results
[2022-03-31 10:49:35,068] multiqc                                            [DEBUG  ]  File ignored by stacks/sumstats because it exceeded search pattern filesize limit: genes.results
[2022-03-31 10:49:46,107] multiqc                                            [DEBUG  ]  File ignored by nanostat because it exceeded search pattern filesize limit: genes.results
[2022-03-31 10:49:47,876] multiqc                                            [DEBUG  ]  File ignored by ccs/v4 because it exceeded search pattern filesize limit: gtf_annotated_genes.results
[2022-03-31 10:49:47,946] multiqc                                            [DEBUG  ]  File ignored by hicexplorer because it exceeded search pattern filesize limit: gtf_annotated_genes.results
[2022-03-31 10:49:47,952] multiqc                                            [DEBUG  ]  File ignored by lima/summary because it exceeded search pattern filesize limit: gtf_annotated_genes.results
[2022-03-31 10:49:48,102] multiqc                                            [DEBUG  ]  File ignored by vep/vep_html because it exceeded search pattern filesize limit: gtf_annotated_genes.results
[2022-03-31 10:49:48,102] multiqc                                            [DEBUG  ]  File ignored by vep/vep_txt because it exceeded search pattern filesize limit: gtf_annotated_genes.results
[2022-03-31 10:49:48,104] multiqc                                            [DEBUG  ]  File ignored by longranger/invocation because it exceeded search pattern filesize limit: gtf_annotated_genes.results
[2022-03-31 10:49:48,104] multiqc                                            [DEBUG  ]  File ignored by rockhopper because it exceeded search pattern filesize limit: gtf_annotated_genes.results
[2022-03-31 10:49:48,105] multiqc                                            [DEBUG  ]  File ignored by rseqc/bam_stat because it exceeded search pattern filesize limit: gtf_annotated_genes.results
[2022-03-31 10:49:48,105] multiqc                                            [DEBUG  ]  File ignored by rseqc/junction_annotation because it exceeded search pattern filesize limit: gtf_annotated_genes.results
[2022-03-31 10:49:48,105] multiqc                                            [DEBUG  ]  File ignored by rseqc/read_distribution because it exceeded search pattern filesize limit: gtf_annotated_genes.results
[2022-03-31 10:49:48,105] multiqc                                            [DEBUG  ]  File ignored by rseqc/infer_experiment because it exceeded search pattern filesize limit: gtf_annotated_genes.results
[2022-03-31 10:49:48,105] multiqc                                            [DEBUG  ]  File ignored by snpeff because it exceeded search pattern filesize limit: gtf_annotated_genes.results
[2022-03-31 10:49:48,105] multiqc                                            [DEBUG  ]  File ignored by stacks/sumstats because it exceeded search pattern filesize limit: gtf_annotated_genes.results
[2022-03-31 10:49:59,174] multiqc                                            [DEBUG  ]  File ignored by nanostat because it exceeded search pattern filesize limit: gtf_annotated_genes.results
[2022-03-31 10:50:01,504] multiqc                                            [DEBUG  ]  File ignored by ccs/v4 because it exceeded search pattern filesize limit: sc1m.R1-trimmed.log
[2022-03-31 10:50:01,577] multiqc                                            [DEBUG  ]  File ignored by lima/summary because it exceeded search pattern filesize limit: sc1m.R1-trimmed.log
[2022-03-31 10:50:01,683] multiqc                                            [DEBUG  ]  File ignored by longranger/invocation because it exceeded search pattern filesize limit: sc1m.R1-trimmed.log
[2022-03-31 10:50:02,055] multiqc                                            [DEBUG  ]  File ignored by ccs/v4 because it exceeded search pattern filesize limit: sc1m.R1.fastq.gz_tmp_fastqc.html
[2022-03-31 10:50:02,127] multiqc                                            [DEBUG  ]  File ignored by hicexplorer because it exceeded search pattern filesize limit: sc1m.R1.fastq.gz_tmp_fastqc.html
[2022-03-31 10:50:02,132] multiqc                                            [DEBUG  ]  File ignored by lima/summary because it exceeded search pattern filesize limit: sc1m.R1.fastq.gz_tmp_fastqc.html
[2022-03-31 10:50:02,244] multiqc                                            [DEBUG  ]  File ignored by vep/vep_txt because it exceeded search pattern filesize limit: sc1m.R1.fastq.gz_tmp_fastqc.html
[2022-03-31 10:50:02,250] multiqc                                            [DEBUG  ]  File ignored by longranger/invocation because it exceeded search pattern filesize limit: sc1m.R1.fastq.gz_tmp_fastqc.html
[2022-03-31 10:50:02,666] multiqc                                            [DEBUG  ]  File ignored by nanostat because it exceeded search pattern filesize limit: sc1m.R1.fastq.gz_tmp_fastqc.html
[2022-03-31 10:50:04,384] multiqc                                            [DEBUG  ]  File ignored by ccs/v4 because it exceeded search pattern filesize limit: genes.results
[2022-03-31 10:50:04,439] multiqc                                            [DEBUG  ]  File ignored by hicexplorer because it exceeded search pattern filesize limit: genes.results
[2022-03-31 10:50:04,445] multiqc                                            [DEBUG  ]  File ignored by lima/summary because it exceeded search pattern filesize limit: genes.results
[2022-03-31 10:50:04,588] multiqc                                            [DEBUG  ]  File ignored by vep/vep_html because it exceeded search pattern filesize limit: genes.results
[2022-03-31 10:50:04,591] multiqc                                            [DEBUG  ]  File ignored by vep/vep_txt because it exceeded search pattern filesize limit: genes.results
[2022-03-31 10:50:04,594] multiqc                                            [DEBUG  ]  File ignored by longranger/invocation because it exceeded search pattern filesize limit: genes.results
[2022-03-31 10:50:04,594] multiqc                                            [DEBUG  ]  File ignored by rockhopper because it exceeded search pattern filesize limit: genes.results
[2022-03-31 10:50:04,594] multiqc                                            [DEBUG  ]  File ignored by rseqc/bam_stat because it exceeded search pattern filesize limit: genes.results
[2022-03-31 10:50:04,594] multiqc                                            [DEBUG  ]  File ignored by rseqc/junction_annotation because it exceeded search pattern filesize limit: genes.results
[2022-03-31 10:50:04,594] multiqc                                            [DEBUG  ]  File ignored by rseqc/read_distribution because it exceeded search pattern filesize limit: genes.results
[2022-03-31 10:50:04,595] multiqc                                            [DEBUG  ]  File ignored by rseqc/infer_experiment because it exceeded search pattern filesize limit: genes.results
[2022-03-31 10:50:04,595] multiqc                                            [DEBUG  ]  File ignored by snpeff because it exceeded search pattern filesize limit: genes.results
[2022-03-31 10:50:04,595] multiqc                                            [DEBUG  ]  File ignored by stacks/sumstats because it exceeded search pattern filesize limit: genes.results
[2022-03-31 10:50:15,356] multiqc                                            [DEBUG  ]  File ignored by nanostat because it exceeded search pattern filesize limit: genes.results
[2022-03-31 10:50:16,168] multiqc                                            [DEBUG  ]  File ignored by ccs/v4 because it exceeded search pattern filesize limit: gtf_annotated_genes.results
[2022-03-31 10:50:16,221] multiqc                                            [DEBUG  ]  File ignored by hicexplorer because it exceeded search pattern filesize limit: gtf_annotated_genes.results
[2022-03-31 10:50:16,226] multiqc                                            [DEBUG  ]  File ignored by lima/summary because it exceeded search pattern filesize limit: gtf_annotated_genes.results
[2022-03-31 10:50:16,367] multiqc                                            [DEBUG  ]  File ignored by vep/vep_html because it exceeded search pattern filesize limit: gtf_annotated_genes.results
[2022-03-31 10:50:16,368] multiqc                                            [DEBUG  ]  File ignored by vep/vep_txt because it exceeded search pattern filesize limit: gtf_annotated_genes.results
[2022-03-31 10:50:16,370] multiqc                                            [DEBUG  ]  File ignored by longranger/invocation because it exceeded search pattern filesize limit: gtf_annotated_genes.results
[2022-03-31 10:50:16,371] multiqc                                            [DEBUG  ]  File ignored by rockhopper because it exceeded search pattern filesize limit: gtf_annotated_genes.results
[2022-03-31 10:50:16,371] multiqc                                            [DEBUG  ]  File ignored by rseqc/bam_stat because it exceeded search pattern filesize limit: gtf_annotated_genes.results
[2022-03-31 10:50:16,371] multiqc                                            [DEBUG  ]  File ignored by rseqc/junction_annotation because it exceeded search pattern filesize limit: gtf_annotated_genes.results
[2022-03-31 10:50:16,372] multiqc                                            [DEBUG  ]  File ignored by rseqc/read_distribution because it exceeded search pattern filesize limit: gtf_annotated_genes.results
[2022-03-31 10:50:16,372] multiqc                                            [DEBUG  ]  File ignored by rseqc/infer_experiment because it exceeded search pattern filesize limit: gtf_annotated_genes.results
[2022-03-31 10:50:16,372] multiqc                                            [DEBUG  ]  File ignored by snpeff because it exceeded search pattern filesize limit: gtf_annotated_genes.results
[2022-03-31 10:50:16,372] multiqc                                            [DEBUG  ]  File ignored by stacks/sumstats because it exceeded search pattern filesize limit: gtf_annotated_genes.results
[2022-03-31 10:50:28,775] multiqc                                            [DEBUG  ]  File ignored by nanostat because it exceeded search pattern filesize limit: gtf_annotated_genes.results
[2022-03-31 10:50:31,345] multiqc                                            [DEBUG  ]  File ignored by ccs/v4 because it exceeded search pattern filesize limit: sd1m.R1-trimmed.log
[2022-03-31 10:50:31,404] multiqc                                            [DEBUG  ]  File ignored by lima/summary because it exceeded search pattern filesize limit: sd1m.R1-trimmed.log
[2022-03-31 10:50:31,519] multiqc                                            [DEBUG  ]  File ignored by longranger/invocation because it exceeded search pattern filesize limit: sd1m.R1-trimmed.log
[2022-03-31 10:50:31,949] multiqc                                            [DEBUG  ]  File ignored by ccs/v4 because it exceeded search pattern filesize limit: sd1m.R1.fastq.gz_tmp_fastqc.html
[2022-03-31 10:50:32,012] multiqc                                            [DEBUG  ]  File ignored by hicexplorer because it exceeded search pattern filesize limit: sd1m.R1.fastq.gz_tmp_fastqc.html
[2022-03-31 10:50:32,017] multiqc                                            [DEBUG  ]  File ignored by lima/summary because it exceeded search pattern filesize limit: sd1m.R1.fastq.gz_tmp_fastqc.html
[2022-03-31 10:50:32,167] multiqc                                            [DEBUG  ]  File ignored by vep/vep_txt because it exceeded search pattern filesize limit: sd1m.R1.fastq.gz_tmp_fastqc.html
[2022-03-31 10:50:32,170] multiqc                                            [DEBUG  ]  File ignored by longranger/invocation because it exceeded search pattern filesize limit: sd1m.R1.fastq.gz_tmp_fastqc.html
[2022-03-31 10:50:32,573] multiqc                                            [DEBUG  ]  File ignored by nanostat because it exceeded search pattern filesize limit: sd1m.R1.fastq.gz_tmp_fastqc.html
[2022-03-31 10:50:34,473] multiqc                                            [DEBUG  ]  File ignored by ccs/v4 because it exceeded search pattern filesize limit: genes.results
[2022-03-31 10:50:34,528] multiqc                                            [DEBUG  ]  File ignored by hicexplorer because it exceeded search pattern filesize limit: genes.results
[2022-03-31 10:50:34,546] multiqc                                            [DEBUG  ]  File ignored by lima/summary because it exceeded search pattern filesize limit: genes.results
[2022-03-31 10:50:34,689] multiqc                                            [DEBUG  ]  File ignored by vep/vep_html because it exceeded search pattern filesize limit: genes.results
[2022-03-31 10:50:34,689] multiqc                                            [DEBUG  ]  File ignored by vep/vep_txt because it exceeded search pattern filesize limit: genes.results
[2022-03-31 10:50:34,692] multiqc                                            [DEBUG  ]  File ignored by longranger/invocation because it exceeded search pattern filesize limit: genes.results
[2022-03-31 10:50:34,693] multiqc                                            [DEBUG  ]  File ignored by rockhopper because it exceeded search pattern filesize limit: genes.results
[2022-03-31 10:50:34,693] multiqc                                            [DEBUG  ]  File ignored by rseqc/bam_stat because it exceeded search pattern filesize limit: genes.results
[2022-03-31 10:50:34,693] multiqc                                            [DEBUG  ]  File ignored by rseqc/junction_annotation because it exceeded search pattern filesize limit: genes.results
[2022-03-31 10:50:34,693] multiqc                                            [DEBUG  ]  File ignored by rseqc/read_distribution because it exceeded search pattern filesize limit: genes.results
[2022-03-31 10:50:34,694] multiqc                                            [DEBUG  ]  File ignored by rseqc/infer_experiment because it exceeded search pattern filesize limit: genes.results
[2022-03-31 10:50:34,694] multiqc                                            [DEBUG  ]  File ignored by snpeff because it exceeded search pattern filesize limit: genes.results
[2022-03-31 10:50:34,694] multiqc                                            [DEBUG  ]  File ignored by stacks/sumstats because it exceeded search pattern filesize limit: genes.results
[2022-03-31 10:50:45,299] multiqc                                            [DEBUG  ]  File ignored by nanostat because it exceeded search pattern filesize limit: genes.results
[2022-03-31 10:50:46,116] multiqc                                            [DEBUG  ]  File ignored by ccs/v4 because it exceeded search pattern filesize limit: gtf_annotated_genes.results
[2022-03-31 10:50:46,168] multiqc                                            [DEBUG  ]  File ignored by hicexplorer because it exceeded search pattern filesize limit: gtf_annotated_genes.results
[2022-03-31 10:50:46,174] multiqc                                            [DEBUG  ]  File ignored by lima/summary because it exceeded search pattern filesize limit: gtf_annotated_genes.results
[2022-03-31 10:50:46,325] multiqc                                            [DEBUG  ]  File ignored by vep/vep_html because it exceeded search pattern filesize limit: gtf_annotated_genes.results
[2022-03-31 10:50:46,326] multiqc                                            [DEBUG  ]  File ignored by vep/vep_txt because it exceeded search pattern filesize limit: gtf_annotated_genes.results
[2022-03-31 10:50:46,329] multiqc                                            [DEBUG  ]  File ignored by longranger/invocation because it exceeded search pattern filesize limit: gtf_annotated_genes.results
[2022-03-31 10:50:46,329] multiqc                                            [DEBUG  ]  File ignored by rockhopper because it exceeded search pattern filesize limit: gtf_annotated_genes.results
[2022-03-31 10:50:46,329] multiqc                                            [DEBUG  ]  File ignored by rseqc/bam_stat because it exceeded search pattern filesize limit: gtf_annotated_genes.results
[2022-03-31 10:50:46,330] multiqc                                            [DEBUG  ]  File ignored by rseqc/junction_annotation because it exceeded search pattern filesize limit: gtf_annotated_genes.results
[2022-03-31 10:50:46,330] multiqc                                            [DEBUG  ]  File ignored by rseqc/read_distribution because it exceeded search pattern filesize limit: gtf_annotated_genes.results
[2022-03-31 10:50:46,330] multiqc                                            [DEBUG  ]  File ignored by rseqc/infer_experiment because it exceeded search pattern filesize limit: gtf_annotated_genes.results
[2022-03-31 10:50:46,331] multiqc                                            [DEBUG  ]  File ignored by snpeff because it exceeded search pattern filesize limit: gtf_annotated_genes.results
[2022-03-31 10:50:46,331] multiqc                                            [DEBUG  ]  File ignored by stacks/sumstats because it exceeded search pattern filesize limit: gtf_annotated_genes.results
[2022-03-31 10:50:57,864] multiqc                                            [DEBUG  ]  File ignored by nanostat because it exceeded search pattern filesize limit: gtf_annotated_genes.results
[2022-03-31 10:51:00,242] multiqc                                            [DEBUG  ]  File ignored by ccs/v4 because it exceeded search pattern filesize limit: se1m.R1-trimmed.log
[2022-03-31 10:51:00,310] multiqc                                            [DEBUG  ]  File ignored by lima/summary because it exceeded search pattern filesize limit: se1m.R1-trimmed.log
[2022-03-31 10:51:00,418] multiqc                                            [DEBUG  ]  File ignored by longranger/invocation because it exceeded search pattern filesize limit: se1m.R1-trimmed.log
[2022-03-31 10:51:00,790] multiqc                                            [DEBUG  ]  File ignored by ccs/v4 because it exceeded search pattern filesize limit: se1m.R1.fastq.gz_tmp_fastqc.html
[2022-03-31 10:51:00,840] multiqc                                            [DEBUG  ]  File ignored by hicexplorer because it exceeded search pattern filesize limit: se1m.R1.fastq.gz_tmp_fastqc.html
[2022-03-31 10:51:00,854] multiqc                                            [DEBUG  ]  File ignored by lima/summary because it exceeded search pattern filesize limit: se1m.R1.fastq.gz_tmp_fastqc.html
[2022-03-31 10:51:00,942] multiqc                                            [DEBUG  ]  File ignored by vep/vep_txt because it exceeded search pattern filesize limit: se1m.R1.fastq.gz_tmp_fastqc.html
[2022-03-31 10:51:00,958] multiqc                                            [DEBUG  ]  File ignored by longranger/invocation because it exceeded search pattern filesize limit: se1m.R1.fastq.gz_tmp_fastqc.html
[2022-03-31 10:51:01,453] multiqc                                            [DEBUG  ]  File ignored by nanostat because it exceeded search pattern filesize limit: se1m.R1.fastq.gz_tmp_fastqc.html
[2022-03-31 10:51:03,208] multiqc                                            [DEBUG  ]  File ignored by ccs/v4 because it exceeded search pattern filesize limit: genes.results
[2022-03-31 10:51:03,256] multiqc                                            [DEBUG  ]  File ignored by hicexplorer because it exceeded search pattern filesize limit: genes.results
[2022-03-31 10:51:03,259] multiqc                                            [DEBUG  ]  File ignored by lima/summary because it exceeded search pattern filesize limit: genes.results
[2022-03-31 10:51:03,408] multiqc                                            [DEBUG  ]  File ignored by vep/vep_html because it exceeded search pattern filesize limit: genes.results
[2022-03-31 10:51:03,408] multiqc                                            [DEBUG  ]  File ignored by vep/vep_txt because it exceeded search pattern filesize limit: genes.results
[2022-03-31 10:51:03,412] multiqc                                            [DEBUG  ]  File ignored by longranger/invocation because it exceeded search pattern filesize limit: genes.results
[2022-03-31 10:51:03,412] multiqc                                            [DEBUG  ]  File ignored by rockhopper because it exceeded search pattern filesize limit: genes.results
[2022-03-31 10:51:03,413] multiqc                                            [DEBUG  ]  File ignored by rseqc/bam_stat because it exceeded search pattern filesize limit: genes.results
[2022-03-31 10:51:03,413] multiqc                                            [DEBUG  ]  File ignored by rseqc/junction_annotation because it exceeded search pattern filesize limit: genes.results
[2022-03-31 10:51:03,413] multiqc                                            [DEBUG  ]  File ignored by rseqc/read_distribution because it exceeded search pattern filesize limit: genes.results
[2022-03-31 10:51:03,413] multiqc                                            [DEBUG  ]  File ignored by rseqc/infer_experiment because it exceeded search pattern filesize limit: genes.results
[2022-03-31 10:51:03,413] multiqc                                            [DEBUG  ]  File ignored by snpeff because it exceeded search pattern filesize limit: genes.results
[2022-03-31 10:51:03,414] multiqc                                            [DEBUG  ]  File ignored by stacks/sumstats because it exceeded search pattern filesize limit: genes.results
[2022-03-31 10:51:15,201] multiqc                                            [DEBUG  ]  File ignored by nanostat because it exceeded search pattern filesize limit: genes.results
[2022-03-31 10:51:16,004] multiqc                                            [DEBUG  ]  File ignored by ccs/v4 because it exceeded search pattern filesize limit: gtf_annotated_genes.results
[2022-03-31 10:51:16,065] multiqc                                            [DEBUG  ]  File ignored by hicexplorer because it exceeded search pattern filesize limit: gtf_annotated_genes.results
[2022-03-31 10:51:16,071] multiqc                                            [DEBUG  ]  File ignored by lima/summary because it exceeded search pattern filesize limit: gtf_annotated_genes.results
[2022-03-31 10:51:16,238] multiqc                                            [DEBUG  ]  File ignored by vep/vep_html because it exceeded search pattern filesize limit: gtf_annotated_genes.results
[2022-03-31 10:51:16,238] multiqc                                            [DEBUG  ]  File ignored by vep/vep_txt because it exceeded search pattern filesize limit: gtf_annotated_genes.results
[2022-03-31 10:51:16,242] multiqc                                            [DEBUG  ]  File ignored by longranger/invocation because it exceeded search pattern filesize limit: gtf_annotated_genes.results
[2022-03-31 10:51:16,243] multiqc                                            [DEBUG  ]  File ignored by rockhopper because it exceeded search pattern filesize limit: gtf_annotated_genes.results
[2022-03-31 10:51:16,244] multiqc                                            [DEBUG  ]  File ignored by rseqc/bam_stat because it exceeded search pattern filesize limit: gtf_annotated_genes.results
[2022-03-31 10:51:16,245] multiqc                                            [DEBUG  ]  File ignored by rseqc/junction_annotation because it exceeded search pattern filesize limit: gtf_annotated_genes.results
[2022-03-31 10:51:16,245] multiqc                                            [DEBUG  ]  File ignored by rseqc/read_distribution because it exceeded search pattern filesize limit: gtf_annotated_genes.results
[2022-03-31 10:51:16,245] multiqc                                            [DEBUG  ]  File ignored by rseqc/infer_experiment because it exceeded search pattern filesize limit: gtf_annotated_genes.results
[2022-03-31 10:51:16,245] multiqc                                            [DEBUG  ]  File ignored by snpeff because it exceeded search pattern filesize limit: gtf_annotated_genes.results
[2022-03-31 10:51:16,245] multiqc                                            [DEBUG  ]  File ignored by stacks/sumstats because it exceeded search pattern filesize limit: gtf_annotated_genes.results
[2022-03-31 10:51:27,284] multiqc                                            [DEBUG  ]  File ignored by nanostat because it exceeded search pattern filesize limit: gtf_annotated_genes.results
[2022-03-31 10:51:29,545] multiqc                                            [DEBUG  ]  File ignored by ccs/v4 because it exceeded search pattern filesize limit: sf1m.R1-trimmed.log
[2022-03-31 10:51:29,616] multiqc                                            [DEBUG  ]  File ignored by lima/summary because it exceeded search pattern filesize limit: sf1m.R1-trimmed.log
[2022-03-31 10:51:29,730] multiqc                                            [DEBUG  ]  File ignored by longranger/invocation because it exceeded search pattern filesize limit: sf1m.R1-trimmed.log
[2022-03-31 10:51:30,126] multiqc                                            [DEBUG  ]  File ignored by ccs/v4 because it exceeded search pattern filesize limit: sf1m.R1.fastq.gz_tmp_fastqc.html
[2022-03-31 10:51:30,180] multiqc                                            [DEBUG  ]  File ignored by hicexplorer because it exceeded search pattern filesize limit: sf1m.R1.fastq.gz_tmp_fastqc.html
[2022-03-31 10:51:30,183] multiqc                                            [DEBUG  ]  File ignored by lima/summary because it exceeded search pattern filesize limit: sf1m.R1.fastq.gz_tmp_fastqc.html
[2022-03-31 10:51:30,324] multiqc                                            [DEBUG  ]  File ignored by vep/vep_txt because it exceeded search pattern filesize limit: sf1m.R1.fastq.gz_tmp_fastqc.html
[2022-03-31 10:51:30,327] multiqc                                            [DEBUG  ]  File ignored by longranger/invocation because it exceeded search pattern filesize limit: sf1m.R1.fastq.gz_tmp_fastqc.html
[2022-03-31 10:51:30,671] multiqc                                            [DEBUG  ]  File ignored by nanostat because it exceeded search pattern filesize limit: sf1m.R1.fastq.gz_tmp_fastqc.html
[2022-03-31 10:51:32,338] multiqc                                            [DEBUG  ]  File ignored by ccs/v4 because it exceeded search pattern filesize limit: genes.results
[2022-03-31 10:51:32,401] multiqc                                            [DEBUG  ]  File ignored by hicexplorer because it exceeded search pattern filesize limit: genes.results
[2022-03-31 10:51:32,407] multiqc                                            [DEBUG  ]  File ignored by lima/summary because it exceeded search pattern filesize limit: genes.results
[2022-03-31 10:51:32,571] multiqc                                            [DEBUG  ]  File ignored by vep/vep_html because it exceeded search pattern filesize limit: genes.results
[2022-03-31 10:51:32,571] multiqc                                            [DEBUG  ]  File ignored by vep/vep_txt because it exceeded search pattern filesize limit: genes.results
[2022-03-31 10:51:32,577] multiqc                                            [DEBUG  ]  File ignored by longranger/invocation because it exceeded search pattern filesize limit: genes.results
[2022-03-31 10:51:32,577] multiqc                                            [DEBUG  ]  File ignored by rockhopper because it exceeded search pattern filesize limit: genes.results
[2022-03-31 10:51:32,578] multiqc                                            [DEBUG  ]  File ignored by rseqc/bam_stat because it exceeded search pattern filesize limit: genes.results
[2022-03-31 10:51:32,578] multiqc                                            [DEBUG  ]  File ignored by rseqc/junction_annotation because it exceeded search pattern filesize limit: genes.results
[2022-03-31 10:51:32,578] multiqc                                            [DEBUG  ]  File ignored by rseqc/read_distribution because it exceeded search pattern filesize limit: genes.results
[2022-03-31 10:51:32,580] multiqc                                            [DEBUG  ]  File ignored by rseqc/infer_experiment because it exceeded search pattern filesize limit: genes.results
[2022-03-31 10:51:32,580] multiqc                                            [DEBUG  ]  File ignored by snpeff because it exceeded search pattern filesize limit: genes.results
[2022-03-31 10:51:32,581] multiqc                                            [DEBUG  ]  File ignored by stacks/sumstats because it exceeded search pattern filesize limit: genes.results
[2022-03-31 10:51:42,118] multiqc                                            [DEBUG  ]  File ignored by nanostat because it exceeded search pattern filesize limit: genes.results
[2022-03-31 10:51:42,972] multiqc                                            [DEBUG  ]  File ignored by ccs/v4 because it exceeded search pattern filesize limit: gtf_annotated_genes.results
[2022-03-31 10:51:43,048] multiqc                                            [DEBUG  ]  File ignored by hicexplorer because it exceeded search pattern filesize limit: gtf_annotated_genes.results
[2022-03-31 10:51:43,054] multiqc                                            [DEBUG  ]  File ignored by lima/summary because it exceeded search pattern filesize limit: gtf_annotated_genes.results
[2022-03-31 10:51:43,162] multiqc                                            [DEBUG  ]  File ignored by vep/vep_html because it exceeded search pattern filesize limit: gtf_annotated_genes.results
[2022-03-31 10:51:43,162] multiqc                                            [DEBUG  ]  File ignored by vep/vep_txt because it exceeded search pattern filesize limit: gtf_annotated_genes.results
[2022-03-31 10:51:43,167] multiqc                                            [DEBUG  ]  File ignored by longranger/invocation because it exceeded search pattern filesize limit: gtf_annotated_genes.results
[2022-03-31 10:51:43,168] multiqc                                            [DEBUG  ]  File ignored by rockhopper because it exceeded search pattern filesize limit: gtf_annotated_genes.results
[2022-03-31 10:51:43,169] multiqc                                            [DEBUG  ]  File ignored by rseqc/bam_stat because it exceeded search pattern filesize limit: gtf_annotated_genes.results
[2022-03-31 10:51:43,169] multiqc                                            [DEBUG  ]  File ignored by rseqc/junction_annotation because it exceeded search pattern filesize limit: gtf_annotated_genes.results
[2022-03-31 10:51:43,169] multiqc                                            [DEBUG  ]  File ignored by rseqc/read_distribution because it exceeded search pattern filesize limit: gtf_annotated_genes.results
[2022-03-31 10:51:43,169] multiqc                                            [DEBUG  ]  File ignored by rseqc/infer_experiment because it exceeded search pattern filesize limit: gtf_annotated_genes.results
[2022-03-31 10:51:43,169] multiqc                                            [DEBUG  ]  File ignored by snpeff because it exceeded search pattern filesize limit: gtf_annotated_genes.results
[2022-03-31 10:51:43,170] multiqc                                            [DEBUG  ]  File ignored by stacks/sumstats because it exceeded search pattern filesize limit: gtf_annotated_genes.results
[2022-03-31 10:51:54,539] multiqc                                            [DEBUG  ]  File ignored by nanostat because it exceeded search pattern filesize limit: gtf_annotated_genes.results
[2022-03-31 10:51:56,790] multiqc                                            [DEBUG  ]  File ignored by ccs/v4 because it exceeded search pattern filesize limit: sg1m.R1-trimmed.log
[2022-03-31 10:51:56,895] multiqc                                            [DEBUG  ]  File ignored by lima/summary because it exceeded search pattern filesize limit: sg1m.R1-trimmed.log
[2022-03-31 10:51:56,995] multiqc                                            [DEBUG  ]  File ignored by longranger/invocation because it exceeded search pattern filesize limit: sg1m.R1-trimmed.log
[2022-03-31 10:51:57,356] multiqc                                            [DEBUG  ]  File ignored by ccs/v4 because it exceeded search pattern filesize limit: sg1m.R1.fastq.gz_tmp_fastqc.html
[2022-03-31 10:51:57,407] multiqc                                            [DEBUG  ]  File ignored by hicexplorer because it exceeded search pattern filesize limit: sg1m.R1.fastq.gz_tmp_fastqc.html
[2022-03-31 10:51:57,412] multiqc                                            [DEBUG  ]  File ignored by lima/summary because it exceeded search pattern filesize limit: sg1m.R1.fastq.gz_tmp_fastqc.html
[2022-03-31 10:51:57,509] multiqc                                            [DEBUG  ]  File ignored by vep/vep_txt because it exceeded search pattern filesize limit: sg1m.R1.fastq.gz_tmp_fastqc.html
[2022-03-31 10:51:57,511] multiqc                                            [DEBUG  ]  File ignored by longranger/invocation because it exceeded search pattern filesize limit: sg1m.R1.fastq.gz_tmp_fastqc.html
[2022-03-31 10:51:57,795] multiqc                                            [DEBUG  ]  File ignored by nanostat because it exceeded search pattern filesize limit: sg1m.R1.fastq.gz_tmp_fastqc.html
[2022-03-31 10:52:01,295] multiqc.plots.bargraph                             [DEBUG  ]  Using matplotlib version 3.1.2
[2022-03-31 10:52:01,604] multiqc.modules.star.star                          [INFO   ]  Found 14 reports
[2022-03-31 10:52:01,690] multiqc.plots.linegraph                            [DEBUG  ]  Using matplotlib version 3.1.2
[2022-03-31 10:52:01,980] multiqc.modules.skewer.skewer                      [INFO   ]  Found 14 reports
[2022-03-31 10:52:02,348] multiqc.modules.fastqc.fastqc                      [INFO   ]  Found 14 reports
[2022-03-31 10:52:04,102] multiqc                                            [INFO   ]  Compressing plot data
[2022-03-31 10:52:05,460] multiqc                                            [INFO   ]  Report      : multiqc_report.html
[2022-03-31 10:52:05,461] multiqc                                            [INFO   ]  Data        : multiqc_data
[2022-03-31 10:52:05,462] multiqc                                            [DEBUG  ]  Moving data file from '/tmp/tmpwitshyut/multiqc_data' to '/Users/chiarapapi/Desktop/bouncy-castle/dataset1/multiqc_data'
[2022-03-31 10:52:06,956] multiqc                                            [INFO   ]  MultiQC complete
